{"gid":"visits","params":{"user_agent":"claudebot","date":"2024-04-19"}}
{"gid":"visits","params":{"user_agent":"claudebot","date":"2024-04-19"}}
{"gid":"visits","params":{"user_agent":"Mozilla\/5.0 (X11; Linux i686) AppleWebKit\/537.36 (","date":"2024-04-19"}}
{"gid":"visits","params":{"user_agent":"facebookexternalhit\/1.1 (+http:\/\/www.facebook.com\/","date":"2024-04-19"}}
{"gid":"visits","params":{"user_agent":"facebookexternalhit\/1.1 (+http:\/\/www.facebook.com\/","date":"2024-04-19"}}
{"gid":"visits","params":{"user_agent":"facebookexternalhit\/1.1 (+http:\/\/www.facebook.com\/","date":"2024-04-19"}}
{"gid":"visits","params":{"user_agent":"claudebot","date":"2024-04-19"}}
{"gid":"visits","params":{"user_agent":"claudebot","date":"2024-04-19"}}
{"gid":"visits","params":{"user_agent":"Mozilla\/5.0 (iPhone; CPU iPhone OS 13_2_3 like Mac","date":"2024-04-19"}}
{"gid":"visits","params":{"user_agent":"claudebot","date":"2024-04-19"}}
{"gid":"visits","params":{"user_agent":"Mozilla\/5.0 (compatible; YandexBot\/3.0; +http:\/\/ya","date":"2024-04-19"}}
{"gid":"visits","params":{"user_agent":"Mozilla\/5.0 (iPhone; CPU iPhone OS 16_7_2 like Mac","date":"2024-04-19"}}
{"gid":"visits","params":{"user_agent":"Mozilla\/5.0 (compatible; YandexBot\/3.0; +http:\/\/ya","date":"2024-04-19"}}
{"gid":"visits","params":{"user_agent":"claudebot","date":"2024-04-19"}}
{"gid":"visits","params":{"user_agent":"claudebot","date":"2024-04-19"}}
{"gid":"visits","params":{"user_agent":"claudebot","date":"2024-04-19"}}
{"gid":"visits","params":{"user_agent":"claudebot","date":"2024-04-19"}}
{"gid":"visits","params":{"user_agent":"Mozilla\/5.0 (Windows NT 10.0; Win64; x64) AppleWeb","date":"2024-04-19"}}
{"gid":"visits","params":{"user_agent":"claudebot","date":"2024-04-19"}}
{"gid":"visits","params":{"user_agent":"Mozilla\/5.0 (Linux; Android 6.0.1; Nexus 5X Build\/","date":"2024-04-19"}}
{"gid":"visits","params":{"user_agent":"Mozilla\/5.0 (Linux; Android 8.1.0; CPH1909 Build\/O","date":"2024-04-19"}}
{"gid":"visits","params":{"user_agent":"claudebot","date":"2024-04-19"}}
{"gid":"visits","params":{"user_agent":"Mozilla\/5.0 (Windows NT 10.0; Win64; x64) AppleWeb","date":"2024-04-19"}}
{"gid":"visits","params":{"user_agent":"claudebot","date":"2024-04-19"}}
{"gid":"visits","params":{"user_agent":"Mozilla\/5.0 (Windows NT 10.0; Win64; x64) AppleWeb","date":"2024-04-19"}}
{"gid":"visits","params":{"user_agent":"claudebot","date":"2024-04-19"}}
{"gid":"visits","params":{"user_agent":"Mozilla\/5.0 (X11; Linux x86_64) AppleWebKit\/537.36","date":"2024-04-19"}}
{"gid":"visits","params":{"user_agent":"claudebot","date":"2024-04-19"}}
{"gid":"visits","params":{"user_agent":"claudebot","date":"2024-04-19"}}
{"gid":"visits","params":{"user_agent":"facebookexternalhit\/1.1 (+http:\/\/www.facebook.com\/","date":"2024-04-19"}}
{"gid":"visits","params":{"user_agent":"claudebot","date":"2024-04-19"}}
{"gid":"visits","params":{"user_agent":"facebookexternalhit\/1.1 (+http:\/\/www.facebook.com\/","date":"2024-04-19"}}
{"gid":"visits","params":{"user_agent":"claudebot","date":"2024-04-19"}}
{"gid":"visits","params":{"user_agent":"claudebot","date":"2024-04-19"}}
{"gid":"visits","params":{"user_agent":"Mozilla\/5.0 AppleWebKit\/537.36 (KHTML, like Gecko;","date":"2024-04-19"}}
{"gid":"visits","params":{"user_agent":"Mozilla\/5.0 AppleWebKit\/537.36 (KHTML, like Gecko;","date":"2024-04-19"}}
{"gid":"visits","params":{"user_agent":"Mozilla\/5.0 (Windows NT 6.1; WOW64) AppleWebKit\/53","date":"2024-04-19"}}
{"gid":"visits","params":{"user_agent":"Mozilla\/5.0 AppleWebKit\/537.36 (KHTML, like Gecko;","date":"2024-04-19"}}
{"gid":"visits","params":{"user_agent":"Mozilla\/5.0 AppleWebKit\/537.36 (KHTML, like Gecko;","date":"2024-04-19"}}
{"gid":"visits","params":{"user_agent":"Mozilla\/5.0 AppleWebKit\/537.36 (KHTML, like Gecko;","date":"2024-04-19"}}
{"gid":"visits","params":{"user_agent":"Mozilla\/5.0 AppleWebKit\/537.36 (KHTML, like Gecko;","date":"2024-04-19"}}
{"gid":"visits","params":{"user_agent":"Mozilla\/5.0 AppleWebKit\/537.36 (KHTML, like Gecko;","date":"2024-04-19"}}
{"gid":"visits","params":{"user_agent":"Mozilla\/5.0 (Windows NT 10.0; WOW64) AppleWebKit\/5","date":"2024-04-19"}}
{"gid":"visits","params":{"user_agent":"Mozilla\/5.0 AppleWebKit\/537.36 (KHTML, like Gecko;","date":"2024-04-19"}}
{"gid":"visits","params":{"user_agent":"Mozilla\/5.0 AppleWebKit\/537.36 (KHTML, like Gecko;","date":"2024-04-19"}}
{"gid":"visits","params":{"user_agent":"Mozilla\/5.0 AppleWebKit\/537.36 (KHTML, like Gecko;","date":"2024-04-19"}}
{"gid":"visits","params":{"user_agent":"Mozilla\/5.0 (Linux; Android 10; K) AppleWebKit\/537","date":"2024-04-19"}}
{"gid":"visits","params":{"user_agent":"Mozilla\/5.0 (Linux x86_64; rv:102.0) Gecko\/2010010","date":"2024-04-19"}}
{"gid":"visits","params":{"user_agent":"Mozilla\/5.0 (Windows NT 10.0; Win64; x64) AppleWeb","date":"2024-04-19"}}
{"gid":"visits","params":{"user_agent":"Mozilla\/5.0 AppleWebKit\/537.36 (KHTML, like Gecko;","date":"2024-04-19"}}
{"gid":"visits","params":{"user_agent":"Mozilla\/5.0 (Linux; Android 10; K) AppleWebKit\/537","date":"2024-04-19"}}
{"gid":"visits","params":{"user_agent":"Mozilla\/5.0 (Linux; Android 10; K) AppleWebKit\/537","date":"2024-04-19"}}
{"gid":"visits","params":{"user_agent":"Mozilla\/5.0 (Linux; Android 10; K) AppleWebKit\/537","date":"2024-04-19"}}
{"gid":"visits","params":{"user_agent":"Mozilla\/5.0 AppleWebKit\/537.36 (KHTML, like Gecko;","date":"2024-04-19"}}
{"gid":"visits","params":{"user_agent":"Mozilla\/5.0 (Linux; Android 12; 2201117TG Build\/SK","date":"2024-04-19"}}
{"gid":"visits","params":{"user_agent":"Mozilla\/5.0 AppleWebKit\/537.36 (KHTML, like Gecko;","date":"2024-04-19"}}
{"gid":"visits","params":{"user_agent":"Mozilla\/5.0 AppleWebKit\/537.36 (KHTML, like Gecko;","date":"2024-04-19"}}
{"gid":"visits","params":{"user_agent":"Mozilla\/5.0 AppleWebKit\/537.36 (KHTML, like Gecko;","date":"2024-04-19"}}
{"gid":"visits","params":{"user_agent":"Mozilla\/5.0 AppleWebKit\/537.36 (KHTML, like Gecko;","date":"2024-04-19"}}
{"gid":"visits","params":{"user_agent":"Mozilla\/5.0 AppleWebKit\/537.36 (KHTML, like Gecko;","date":"2024-04-19"}}
{"gid":"visits","params":{"user_agent":"Mozilla\/5.0 (iPhone; CPU iPhone OS 16_0_2 like Mac","date":"2024-04-19"}}
{"gid":"visits","params":{"user_agent":"Mozilla\/5.0 AppleWebKit\/537.36 (KHTML, like Gecko;","date":"2024-04-19"}}
{"gid":"visits","params":{"user_agent":"Mozilla\/5.0 (Linux; Android 9; Redmi 6 Build\/PPR1.","date":"2024-04-19"}}
{"gid":"visits","params":{"user_agent":"Mozilla\/5.0 AppleWebKit\/537.36 (KHTML, like Gecko;","date":"2024-04-19"}}
{"gid":"visits","params":{"user_agent":"Mozilla\/5.0 AppleWebKit\/537.36 (KHTML, like Gecko;","date":"2024-04-19"}}
{"gid":"visits","params":{"user_agent":"Mozilla\/5.0 AppleWebKit\/537.36 (KHTML, like Gecko;","date":"2024-04-19"}}
{"gid":"visits","params":{"user_agent":"Mozilla\/5.0 AppleWebKit\/537.36 (KHTML, like Gecko;","date":"2024-04-19"}}
{"gid":"visits","params":{"user_agent":"Mozilla\/5.0 (Macintosh; Intel Mac OS X 12_5) Apple","date":"2024-04-19"}}
{"gid":"visits","params":{"user_agent":"Mozilla\/5.0 (Windows NT 10.0; Win64; x64) AppleWeb","date":"2024-04-19"}}
{"gid":"visits","params":{"user_agent":"Mozilla\/5.0 AppleWebKit\/537.36 (KHTML, like Gecko;","date":"2024-04-19"}}
{"gid":"visits","params":{"user_agent":"Mozilla\/5.0 AppleWebKit\/537.36 (KHTML, like Gecko;","date":"2024-04-19"}}
{"gid":"visits","params":{"user_agent":"Mozilla\/5.0 (compatible; SeznamBot\/4.0; +http:\/\/na","date":"2024-04-19"}}
{"gid":"visits","params":{"user_agent":"Mozilla\/5.0 AppleWebKit\/537.36 (KHTML, like Gecko;","date":"2024-04-19"}}
{"gid":"visits","params":{"user_agent":"Mozilla\/5.0 AppleWebKit\/537.36 (KHTML, like Gecko;","date":"2024-04-19"}}
{"gid":"visits","params":{"user_agent":"Mozilla\/5.0 (Macintosh; Intel Mac OS X 12_5) Apple","date":"2024-04-19"}}
{"gid":"visits","params":{"user_agent":"Mozilla\/5.0 AppleWebKit\/537.36 (KHTML, like Gecko;","date":"2024-04-19"}}
{"gid":"visits","params":{"user_agent":"Mozilla\/5.0 AppleWebKit\/53{"gid":"visits","params":{"user_agent":"Mozilla\/5.0 AppleWebKit\/537.36 (KHTML, like Gecko;","date":"2024-04-19"}}
{"gid":"visits","params":{"user_agent":"Mozilla\/5.0 AppleWebKit\/537.36 (KHTML, like Gecko;","date":"2024-04-19"}}
{"gid":"visits","params":{"user_agent":"Mozilla\/5.0 AppleWebKit\/537.36 (KHTML, like Gecko;","date":"2024-04-19"}}
{"gid":"visits","params":{"user_agent":"Go-http-client\/1.1","date":"2024-04-19"}}
{"gid":"visits","params":{"user_agent":"Mozilla\/5.0 AppleWebKit\/537.36 (KHTML, like Gecko;","date":"2024-04-19"}}
{"gid":"visits","params":{"user_agent":"Mozilla\/5.0 (Windows NT 10.0; Win64; x64) AppleWeb","date":"2024-04-19"}}
{"gid":"visits","params":{"user_agent":"Mozilla\/5.0 AppleWebKit\/537.36 (KHTML, like Gecko;","date":"2024-04-19"}}
{"gid":"visits","params":{"user_agent":"Mozilla\/5.0 AppleWebKit\/537.36 (KHTML, like Gecko;","date":"2024-04-19"}}
{"gid":"visits","params":{"user_agent":"Mozilla\/5.0 AppleWebKit\/537.36 (KHTML, like Gecko;","date":"2024-04-19"}}
{"gid":"visits","params":{"user_agent":"Mozilla\/5.0 AppleWebKit\/537.36 (KHTML, like Gecko;","date":"2024-04-19"}}
{"gid":"visits","params":{"user_agent":"Mozilla\/5.0 AppleWebKit\/537.36 (KHTML, like Gecko;","date":"2024-04-19"}}
{"gid":"visits","params":{"user_agent":"Mozilla\/5.0 (Linux; Android 11; Infinix X665B Buil","date":"2024-04-19"}}
{"gid":"visits","params":{"user_agent":"Mozilla\/5.0 AppleWebKit\/537.36 (KHTML, like Gecko;","date":"2024-04-19"}}
{"gid":"visits","params":{"user_agent":"Mozilla\/5.0 AppleWebKit\/537.36 (KHTML, like Gecko;","date":"2024-04-19"}}
{"gid":"visits","params":{"user_agent":"Mozilla\/5.0 AppleWebKit\/537.36 (KHTML, like Gecko;","date":"2024-04-19"}}
{"gid":"visits","params":{"user_agent":"Mozilla\/5.0 (Windows NT 10.0; Win64; x64) AppleWeb","date":"2024-04-19"}}
{"gid":"visits","params":{"user_agent":"Mozilla\/5.0 AppleWebKit\/537.36 (KHTML, like Gecko;","date":"2024-04-19"}}
{"gid":"visits","params":{"user_agent":"Mozilla\/5.0 AppleWebKit\/537.36 (KHTML, like Gecko;","date":"2024-04-19"}}
{"gid":"visits","params":{"user_agent":"Mozilla\/5.0 AppleWebKit\/537.36 (KHTML, like Gecko;","date":"2024-04-19"}}
{"gid":"visits","params":{"user_agent":"Mozilla\/5.0 AppleWebKit\/537.36 (KHTML, like Gecko;","date":"2024-04-19"}}
{"gid":"visits","params":{"user_agent":"Mozilla\/5.0 AppleWebKit\/537.36 (KHTML, like Gecko;","date":"2024-04-19"}}
{"gid":"visits","params":{"user_agent":"Mozilla\/5.0 AppleWebKit\/537.36 (KHTML, like Gecko;","date":"2024-04-19"}}
{"gid":"visits","params":{"user_agent":"Mozilla\/5.0 (Linux; Android 8.1.0; RBF36A Build\/OP","date":"2024-04-19"}}
{"gid":"visits","params":{"user_agent":"Mozilla\/5.0 AppleWebKit\/537.36 (KHTML, like Gecko;","date":"2024-04-19"}}
{"gid":"visits","params":{"user_agent":"Mozilla\/5.0 AppleWebKit\/537.36 (KHTML, like Gecko;","date":"2024-04-19"}}
{"gid":"visits","params":{"user_agent":"Mozilla\/5.0 AppleWebKit\/537.36 (KHTML, like Gecko;","date":"2024-04-19"}}
{"gid":"visits","params":{"user_agent":"Mozilla\/5.0 (Macintosh; Intel Mac OS X 12.5; rv:11","date":"2024-04-19"}}
{"gid":"visits","params":{"user_agent":"Mozilla\/5.0 AppleWebKit\/537.36 (KHTML, like Gecko;","date":"2024-04-19"}}
{"gid":"visits","params":{"user_agent":"Mozilla\/5.0 AppleWebKit\/537.36 (KHTML, like Gecko;","date":"2024-04-19"}}
{"gid":"visits","params":{"user_agent":"Mozilla\/5.0 AppleWebKit\/537.36 (KHTML, like Gecko;","date":"2024-04-19"}}
{"gid":"visits","params":{"user_agent":"Mozilla\/5.0 AppleWebKit\/537.36 (KHTML, like Gecko;","date":"2024-04-19"}}
{"gid":"visits","params":{"user_agent":"Mozilla\/5.0 AppleWebKit\/537.36 (KHTML, like Gecko;","date":"2024-04-19"}}
{"gid":"visits","params":{"user_agent":"Mozilla\/5.0 AppleWebKit\/537.36 (KHTML, like Gecko;","date":"2024-04-19"}}
{"gid":"visits","params":{"user_agent":"Mozilla\/5.0 (Linux; Android 10; K) AppleWebKit\/537","date":"2024-04-19"}}
{"gid":"visits","params":{"user_agent":"Mozilla\/5.0 AppleWebKit\/537.36 (KHTML, like Gecko;","date":"2024-04-19"}}
{"gid":"visits","params":{"user_agent":"Mozilla\/5.0 AppleWebKit\/537.36 (KHTML, like Gecko;","date":"2024-04-19"}}
{"gid":"visits","params":{"user_agent":"Mozilla\/5.0 (Windows NT 6.1; Win64; x64) AppleWebK","date":"2024-04-19"}}
{"gid":"visits","params":{"user_agent":"Mozilla\/5.0 AppleWebKit\/537.36 (KHTML, like Gecko;","date":"2024-04-19"}}
{"gid":"visits","params":{"user_agent":"Mozilla\/5.0 AppleWebKit\/537.36 (KHTML, like Gecko;","date":"2024-04-19"}}
{"gid":"visits","params":{"user_agent":"Mozilla\/5.0 (Macintosh; Intel Mac OS X 10_15_7) Ap","date":"2024-04-19"}}
{"gid":"visits","params":{"user_agent":"Mozilla\/5.0 AppleWebKit\/537.36 (KHTML, like Gecko;","date":"2024-04-19"}}
{"gid":"visits","params":{"user_agent":"Mozilla\/5.0 AppleWebKit\/537.36 (KHTML, like Gecko;","date":"2024-04-19"}}
{"gid":"visits","params":{"user_agent":"Mozilla\/5.0 AppleWebKit\/537.36 (KHTML, like Gecko;","date":"2024-04-19"}}
{"gid":"visits","params":{"user_agent":"Mozilla\/5.0 (iPhone; CPU iPhone OS 13_2_3 like Mac","date":"2024-04-19"}}
{"gid":"visits","params":{"user_agent":"Mozilla\/5.0 AppleWebKit\/537.36 (KHTML, like Gecko;","date":"2024-04-19"}}
{"gid":"visits","params":{"user_agent":"Mozilla\/5.0 (Windows NT 10.0; Win64; x64) AppleWeb","date":"2024-04-19"}}
{"gid":"visits","params":{"user_agent":"Mozilla\/5.0 AppleWebKit\/537.36 (KHTML, like Gecko;","date":"2024-04-19"}}
{"gid":"visits","params":{"user_agent":"Mozilla\/5.0 AppleWebKit\/537.36 (KHTML, like Gecko;","date":"2024-04-19"}}
{"gid":"visits","params":{"user_agent":"Mozilla\/5.0 (Linux; Android 6.0.1; Nexus 5X Build\/","date":"2024-04-19"}}
{"gid":"visits","params":{"user_agent":"MagpieRSS\/0.72 \\(+http:\/\/magpierss.sf.net\\)","date":"2024-04-19"}}
{"gid":"visits","params":{"user_agent":"Mozilla\/5.0 AppleWebKit\/537.36 (KHTML, like Gecko;","date":"2024-04-19"}}
{"gid":"visits","params":{"user_agent":"Mozilla\/5.0 AppleWebKit\/537.36 (KHTML, like Gecko;","date":"2024-04-19"}}
{"gid":"visits","params":{"user_agent":"Mozilla\/5.0 AppleWebKit\/537.36 (KHTML, like Gecko;","date":"2024-04-19"}}
{"gid":"visits","params":{"user_agent":"Mozilla\/5.0 AppleWebKit\/537.36 (KHTML, like Gecko;","date":"2024-04-19"}}
{"gid":"visits","params":{"user_agent":"Mozilla\/5.0 AppleWebKit\/537.36 (KHTML, like Gecko;","date":"2024-04-19"}}
{"gid":"visits","params":{"user_agent":"Mozilla\/5.0 AppleWebKit\/537.36 (KHTML, like Gecko;","date":"2024-04-19"}}
{"gid":"visits","params":{"user_agent":"Mozilla\/5.0 (Linux; Android 11; vivo 1906 Build\/RP","date":"2024-04-19"}}
{"gid":"visits","params":{"user_agent":"Mozilla\/5.0 AppleWebKit\/537.36 Chrome\/122.0.6261.9","date":"2024-04-19"}}
{"gid":"visits","params":{"user_agent":"Mozilla\/5.0 AppleWebKit\/537.36 (KHTML, like Gecko;","date":"2024-04-19"}}
{"gid":"visits","params":{"user_agent":"Mozilla\/5.0 AppleWebKit\/537.36 (KHTML, like Gecko;","date":"2024-04-19"}}
{"gid":"visits","params":{"user_agent":"Mozilla\/5.0 AppleWebKit\/537.36 (KHTML, like Gecko;","date":"2024-04-19"}}
{"gid":"visits","params":{"user_agent":"Mozilla\/5.0 AppleWebKit\/537.36 (KHTML, like Gecko;","date":"2024-04-19"}}
{"gid":"visits","params":{"user_agent":"Mozilla\/5.0 (Windows NT 10.0; Win64; x64) AppleWeb","date":"2024-04-19"}}
{"gid":"visits","params":{"user_agent":"Mozilla\/5.0 (compatible; AhrefsBot\/7.0; +http:\/\/ah","date":"2024-04-19"}}
{"gid":"visits","params":{"user_agent":"Mozilla\/5.0 AppleWebKit\/537.36 (KHTML, like Gecko;","date":"2024-04-19"}}
{"gid":"visits","params":{"user_agent":"Mozilla\/5.0 AppleWebKit\/537.36 (KHTML, like Gecko;","date":"2024-04-19"}}
{"gid":"visits","params":{"user_agent":"Mozilla\/5.0 AppleWebKit\/537.36 (KHTML, like Gecko;","date":"2024-04-19"}}
{"gid":"visits","params":{"user_agent":"Mozilla\/5.0 AppleWebKit\/537.36 (KHTML, like Gecko;","date":"2024-04-19"}}
{"gid":"visits","params":{"user_agent":"Mozilla\/5.0 AppleWebKit\/537.36 (KHTML, like Gecko;","date":"2024-04-19"}}
{"gid":"visits","params":{"user_agent":"Mozilla\/5.0 (Macintosh; Intel Mac OS X 12_5) Apple","date":"2024-04-19"}}
{"gid":"visits","params":{"user_agent":"Mozilla\/5.0 AppleWebKit\/537.36 (KHTML, like Gecko;","date":"2024-04-19"}}
{"gid":"visits","params":{"user_agent":"Mozilla\/5.0 AppleWebKit\/537.36 (KHTML, like Gecko;","date":"2024-04-19"}}
{"gid":"visits","params":{"user_agent":"Mozilla\/5.0 AppleWebKit\/537.36 (KHTML, like Gecko;","date":"2024-04-19"}}
{"gid":"visits","params":{"user_agent":"Mozilla\/5.0 (Linux; Android 10; K) AppleWebKit\/537","date":"2024-04-19"}}
{"gid":"visits","params":{"user_agent":"Mozilla\/5.0 AppleWebKit\/537.36 (KHTML, like Gecko;","date":"2024-04-19"}}
{"gid":"visits","params":{"user_agent":"Mozilla\/5.0 AppleWebKit\/537.36 (KHTML, like Gecko;","date":"2024-04-19"}}
{"gid":"visits","params":{"user_agent":"Mozilla\/5.0 AppleWebKit\/537.36 (KHTML, like Gecko;","date":"2024-04-19"}}
{"gid":"visits","params":{"user_agent":"Mozilla\/5.0 (Windows NT 10.0; Win64; x64) AppleWeb","date":"2024-04-19"}}
{"gid":"visits","params":{"user_agent":"Mozilla\/5.0 (Windows NT 10.0; Win64; x64) AppleWeb","date":"2024-04-19"}}
{"gid":"visits","params":{"user_agent":"Mozilla\/5.0 (Windows NT 10.0; Win64; x64) AppleWeb","date":"2024-04-19"}}
{"gid":"visits","params":{"user_agent":"Mozilla\/5.0 AppleWebKit\/537.36 (KHTML, like Gecko;","date":"2024-04-19"}}
{"gid":"visits","params":{"user_agent":"Mozilla\/5.0 AppleWebKit\/537.36 (KHTML, like Gecko;","date":"2024-04-19"}}
{"gid":"visits","params":{"user_agent":"Mozilla\/5.0 AppleWebKit\/537.36 (KHTML, like Gecko;","date":"2024-04-19"}}
{"gid":"visits","params":{"user_agent":"Mozilla\/5.0 AppleWebKit\/537.36 (KHTML, like Gecko;","date":"2024-04-19"}}
{"gid":"visits","params":{"user_agent":"Mozilla\/5.0 (Macintosh; Intel Mac OS X 10_15_7) Ap","date":"2024-04-19"}}
{"gid":"visits","params":{"user_agent":"Mozilla\/5.0 (Windows NT 10.0; Win64; x64) AppleWeb","date":"2024-04-19"}}
{"gid":"visits","params":{"user_agent":"Mozilla\/5.0 (Macintosh; Intel Mac OS X 10_15_7) Ap","date":"2024-04-19"}}
{"gid":"visits","params":{"user_agent":"Mozilla\/5.0 AppleWebKit\/537.36 (KHTML, like Gecko;","date":"2024-04-19"}}
{"gid":"visits","params":{"user_agent":"Mozilla\/5.0 (compatible; YandexBot\/3.0; +http:\/\/ya","date":"2024-04-19"}}
{"gid":"visits","params":{"user_agent":"Mozilla\/5.0 AppleWebKit\/537.36 (KHTML, like Gecko;","date":"2024-04-19"}}
{"gid":"visits","params":{"user_agent":"Mozilla\/5.0 AppleWebKit\/537.36 (KHTML, like Gecko;","date":"2024-04-19"}}
{"gid":"visits","params":{"user_agent":"Mozilla\/5.0 AppleWebKit\/537.36 (KHTML, like Gecko;","date":"2024-04-19"}}
{"gid":"visits","params":{"user_agent":"Mozilla\/5.0 (Macintosh; Intel Mac OS X 10_15_7) Ap","date":"2024-04-19"}}
{"gid":"visits","params":{"user_agent":"Mozilla\/5.0 (Linux; Android 9; SO-04J Build\/47.2.B","date":"2024-04-19"}}
{"gid":"visits","params":{"user_agent":"Mozilla\/5.0 AppleWebKit\/537.36 (KHTML, like Gecko;","date":"2024-04-19"}}
{"gid":"visits","params":{"user_agent":"Mozilla\/5.0 AppleWebKit\/537.36 (KHTML, like Gecko;","date":"2024-04-19"}}
{"gid":"visits","params":{"user_agent":"Mozilla\/5.0 (Linux; Android 7.0;) AppleWebKit\/537.","date":"2024-04-19"}}
{"gid":"visits","params":{"user_agent":"Mozilla\/5.0 AppleWebKit\/537.36 (KHTML, like Gecko;","date":"2024-04-19"}}
{"gid":"visits","params":{"user_agent":"Mozilla\/5.0 AppleWebKit\/537.36 (KHTML, like Gecko;","date":"2024-04-19"}}
{"gid":"visits","params":{"user_agent":"Mozilla\/5.0 AppleWebKit\/537.36 (KHTML, like Gecko;","date":"2024-04-19"}}
{"gid":"visits","params":{"user_agent":"Mozilla\/5.0 (Linux; Android 5.0) AppleWebKit\/537.3","date":"2024-04-19"}}
{"gid":"visits","params":{"user_agent":"Mozilla\/5.0 (Windows NT 10.0; Win64; x64) AppleWeb","date":"2024-04-19"}}
{"gid":"visits","params":{"user_agent":"Mozilla\/5.0 AppleWebKit\/537.36 (KHTML, like Gecko;","date":"2024-04-19"}}
{"gid":"visits","params":{"user_agent":"Mozilla\/5.0 (Windows NT 10.0; Win64; x64) AppleWeb","date":"2024-04-19"}}
{"gid":"visits","params":{"user_agent":"Mozilla\/5.0 AppleWebKit\/537.36 (KHTML, like Gecko;","date":"2024-04-19"}}
{"gid":"visits","params":{"user_agent":"Mozilla\/5.0 ({"gid":"visits","params":{"user_agent":"Mozilla\/5.0 AppleWebKit\/537.36 (KHTML, like Gecko;","date":"2024-04-19"}}
{"gid":"visits","params":{"user_agent":"Mozilla\/5.0 (Windows NT 10.0; Win64; x64) AppleWeb","date":"2024-04-19"}}
{"gid":"visits","params":{"user_agent":"Mozilla\/5.0 AppleWebKit\/537.36 (KHTML, like Gecko;","date":"2024-04-19"}}
{"gid":"visits","params":{"user_agent":"Mozilla\/5.0 AppleWebKit\/537.36 (KHTML, like Gecko;","date":"2024-04-19"}}
{"gid":"visits","params":{"user_agent":"Mozilla\/5.0 AppleWebKit\/537.36 (KHTML, like Gecko;","date":"2024-04-19"}}
{"gid":"visits","params":{"user_agent":"Mozilla\/5.0 AppleWebKit\/537.36 (KHTML, like Gecko;","date":"2024-04-19"}}
{"gid":"visits","params":{"user_agent":"Mozilla\/5.0 AppleWebKit\/537.36 Chrome\/122.0.6261.9","date":"2024-04-19"}}
{"gid":"visits","params":{"user_agent":"Mozilla\/5.0 (Windows NT 10.0; Win64; x64) AppleWeb","date":"2024-04-19"}}
{"gid":"visits","params":{"user_agent":"Mozilla\/5.0 AppleWebKit\/537.36 (KHTML, like Gecko;","date":"2024-04-19"}}
{"gid":"visits","params":{"user_agent":"Mozilla\/5.0 AppleWebKit\/537.36 (KHTML, like Gecko;","date":"2024-04-19"}}
{"gid":"visits","params":{"user_agent":"Mozilla\/5.0 AppleWebKit\/537.36 (KHTML, like Gecko;","date":"2024-04-19"}}
{"gid":"visits","params":{"user_agent":"Mozilla\/5.0 AppleWebKit\/537.36 (KHTML, like Gecko;","date":"2024-04-19"}}
{"gid":"visits","params":{"user_agent":"Mozilla\/5.0 AppleWebKit\/537.36 (KHTML, like Gecko;","date":"2024-04-19"}}
{"gid":"visits","params":{"user_agent":"Mozilla\/5.0 AppleWebKit\/537.36 (KHTML, like Gecko;","date":"2024-04-19"}}
{"gid":"visits","params":{"user_agent":"Mozilla\/5.0 (Windows NT 10.0; Win64; x64) AppleWeb","date":"2024-04-19"}}
{"gid":"visits","params":{"user_agent":"Mozilla\/5.0 AppleWebKit\/537.36 (KHTML, like Gecko;","date":"2024-04-19"}}
{"gid":"visits","params":{"user_agent":"Mozilla\/5.0 (Macintosh; Intel Mac OS X 10_10_2) Ap","date":"2024-04-19"}}
{"gid":"visits","params":{"user_agent":"Mozilla\/5.0 (Windows NT 10.0; Win64; x64) AppleWeb","date":"2024-04-19"}}
{"gid":"visits","params":{"user_agent":"Mozilla\/5.0 (Windows NT 10.0; Win64; x64) AppleWeb","date":"2024-04-19"}}
{"gid":"visits","params":{"user_agent":"Mozilla\/5.0 AppleWebKit\/537.36 Chrome\/122.0.6261.9","date":"2024-04-19"}}
{"gid":"visits","params":{"user_agent":"Mozilla\/5.0 AppleWebKit\/537.36 (KHTML, like Gecko;","date":"2024-04-19"}}
{"gid":"visits","params":{"user_agent":"Mozilla\/5.0 AppleWebKit\/537.36 (KHTML, like Gecko;","date":"2024-04-19"}}
{"gid":"visits","params":{"user_agent":"Mozilla\/5.0 AppleWebKit\/537.36 (KHTML, like Gecko;","date":"2024-04-19"}}
{"gid":"visits","params":{"user_agent":"Mozilla\/5.0 AppleWebKit\/537.36 (KHTML, like Gecko;","date":"2024-04-19"}}
{"gid":"visits","params":{"user_agent":"Mozilla\/5.0 AppleWebKit\/537.36 (KHTML, like Gecko;","date":"2024-04-19"}}
{"gid":"visits","params":{"user_agent":"Mozilla\/5.0 (Windows NT 10.0; Win64; x64) AppleWeb","date":"2024-04-19"}}
{"gid":"visits","params":{"user_agent":"Mozilla\/5.0 AppleWebKit\/537.36 (KHTML, like Gecko;","date":"2024-04-19"}}
{"gid":"visits","params":{"user_agent":"Mozilla\/5.0 (Windows NT 10.0; Win64; x64) AppleWeb","date":"2024-04-19"}}
{"gid":"visits","params":{"user_agent":"Mozilla\/5.0 AppleWebKit\/537.36 (KHTML, like Gecko;","date":"2024-04-19"}}
{"gid":"visits","params":{"user_agent":"unirest-ruby\/1.1","date":"2024-04-19"}}
{"gid":"visits","params":{"user_agent":"Mozilla\/5.0 (Windows NT 6.1; WOW64) AppleWebKit\/53","date":"2024-04-19"}}
{"gid":"visits","params":{"user_agent":"Mozilla\/5.0 AppleWebKit\/537.36 (KHTML, like Gecko;","date":"2024-04-19"}}
{"gid":"visits","params":{"user_agent":"Mozilla\/5.0 AppleWebKit\/537.36 (KHTML, like Gecko;","date":"2024-04-19"}}
{"gid":"visits","params":{"user_agent":"Mozilla\/5.0 AppleWebKit\/537.36 (KHTML, like Gecko;","date":"2024-04-19"}}
{"gid":"visits","params":{"user_agent":"Mozilla\/5.0 (Windows NT 6.1; WOW64) AppleWebKit\/53","date":"2024-04-19"}}
{"gid":"visits","params":{"user_agent":"Mo{"gid":"visits","params":{"user_agent":"Mozilla\/5.0 AppleWebKit\/537.36 (KHTML, like Gecko;","date":"2024-04-19"}}
{"gid":"visits","params":{"user_agent":"Mozilla\/5.0 (Windows NT 10.0; Win64; x64) AppleWeb","date":"2024-04-19"}}
{"gid":"visits","params":{"user_agent":"Mozilla\/5.0 AppleWebKit\/537.36 (KHTML, like Gecko;","date":"2024-04-19"}}
{"gid":"visits","params":{"user_agent":"Mozilla\/5.0 AppleWebKit\/537.36 (KHTML, like Gecko;","date":"2024-04-19"}}
{"gid":"visits","params":{"user_agent":"Mozilla\/5.0 (Windows NT 10.0; Win64; x64) AppleWeb","date":"2024-04-19"}}
{"gid":"visits","params":{"user_agent":"Mozilla\/5.0 AppleWebKit\/537.36 (KHTML, like Gecko;","date":"2024-04-19"}}
{"gid":"visits","params":{"user_agent":"Mozilla\/5.0 (Windows NT 6.1; WOW64) AppleWebKit\/53","date":"2024-04-19"}}
{"gid":"visits","params":{"user_agent":"Mozilla\/5.0 AppleWebKit\/537.36 (KHTML, like Gecko;","date":"2024-04-19"}}
{"gid":"visits","params":{"user_agent":"Mozilla\/5.0 AppleWebKit\/537.36 (KHTML, like Gecko;","date":"2024-04-19"}}
{"gid":"visits","params":{"user_agent":"Mozilla\/5.0 (Windows NT 10.0; Win64; x64) AppleWeb","date":"2024-04-19"}}
{"gid":"visits","params":{"user_agent":"Mozilla\/5.0 AppleWebKit\/537.36 (KHTML, like Gecko;","date":"2024-04-19"}}
{"gid":"visits","params":{"user_agent":"Mozilla\/5.0 AppleWebKit\/537.36 (KHTML, like Gecko;","date":"2024-04-19"}}
{"gid":"visits","params":{"user_agent":"Mozilla\/5.0 AppleWebKit\/537.36 (KHTML, like Gecko;","date":"2024-04-19"}}
{"gid":"visits","params":{"user_agent":"Mozilla\/5.0 AppleWebKit\/537.36 (KHTML, like Gecko;","date":"2024-04-19"}}
{"gid":"visits","params":{"user_agent":"Mozilla\/5.0 AppleWebKit\/537.36 (KHTML, like Gecko;","date":"2024-04-19"}}
{"gid":"visits","params":{"user_agent":"Mozilla\/5.0 AppleWebKit\/537.36 (KHTML, like Gecko;","date":"2024-04-19"}}
{"gid":"visits","params":{"user_agent":"Mozilla\/5.0 AppleWebKit\/537.36 (KHTML, like Gecko;","date":"2024-04-19"}}
{"gid":"visits","params":{"user_agent":"Mozilla\/5.0 AppleWebKit\/537.36 (KHTML, like Gecko;","date":"2024-04-19"}}
{"gid":"visits","params":{"user_agent":"Mozilla\/5.0 (Windows NT 10.0; Win64; x64) AppleWeb","date":"2024-04-19"}}
{"gid":"visits","params":{"user_agent":"Mozilla\/5.0 AppleWebKit\/537.36 (KHTML, like Gecko;","date":"2024-04-19"}}
{"gid":"visits","params":{"user_agent":"Mozilla\/5.0 (compatible; SemrushBot-SI\/0.97; +http","date":"2024-04-19"}}
{"gid":"visits","params":{"user_agent":"Mozilla\/5.0 (compatible; SemrushBot-SI\/0.97; +http","date":"2024-04-19"}}
{"gid":"visits","params":{"user_agent":"Mozilla\/5.0 (compatible; SemrushBot-SI\/0.97; +http","date":"2024-04-19"}}
{"gid":"visits","params":{"user_agent":"Mozilla\/5.0 AppleWebKit\/537.36 (KHTML, like Gecko;","date":"2024-04-19"}}
{"gid":"visits","params":{"user_agent":"Mozilla\/5.0 AppleWebKit\/537.36 (KHTML, like Gecko;","date":"2024-04-19"}}
{"gid":"visits","params":{"user_agent":"Mozilla\/5.0 AppleWebKit\/537.36 (KHTML, like Gecko;","date":"2024-04-19"}}
{"gid":"visits","params":{"user_agent":"Mozilla\/5.0 AppleWebKit\/537.36 (KHTML, like Gecko;","date":"2024-04-19"}}
{"gid":"visits","params":{"user_agent":"Mozilla\/5.0 AppleWebKit\/537.36 (KHTML, like Gecko;","date":"2024-04-19"}}
{"gid":"visits","params":{"user_agent":"Mozilla\/5.0 (Windows NT 10.0; Win64; x64) AppleWeb","date":"2024-04-19"}}
{"gid":"visits","params":{"user_agent":"Mozilla\/5.0 AppleWebKit\/537.36 (KHTML, like Gecko;","date":"2024-04-19"}}
{"gid":"visits","params":{"user_agent":"Mozilla\/5.0 AppleWebKit\/537.36 (KHTML, like Gecko;","date":"2024-04-19"}}
{"gid":"visits","params":{"user_agent":"Mozilla\/5.0 AppleWebKit\/537.36 (KHTML, like Gecko;","date":"2024-04-19"}}
{"gid":"visits","params":{"user_agent":"Mozilla\/5.0 (iPhone; CPU iPhone OS 13_2_3 like Mac","date":"2024-04-19"}}
{"gid":"visits","params":{"user_agent":"Opera\/9.80 (SpreadTrum; Opera Mini\/4.4.33961\/191.3","date":"2024-04-19"}}
{"gid":"visits","params":{"user_agent":"Mozilla\/5.0 AppleWebKit\/537.36 (KHTML, like Gecko;","date":"2024-04-19"}}
{"gid":"visits","params":{"user_agent":"facebookexternalhit\/1.1 (+http:\/\/www.facebook.com\/","date":"2024-04-19"}}
{"gid":"visits","params":{"user_agent":"facebookexternalhit\/1.1 (+http:\/\/www.facebook.com\/","date":"2024-04-19"}}
{"gid":"visits","params":{"user_agent":"Mozilla\/5.0 AppleWebKit\/537.36 (KHTML, like Gecko;","date":"2024-04-19"}}
{"gid":"visits","params":{"user_agent":"Mozilla\/5.0 (Linux; Android 6.0.1; Nexus 5X Build\/","date":"2024-04-19"}}
{"gid":"visits","params":{"user_agent":"Mozilla\/5.0 AppleWebKit\/537.36 (KHTML, like Gecko;","date":"2024-04-19"}}
{"gid":"visits","params":{"user_agent":"Mozilla\/5.0 (Windows NT 10.0; Win64; x64) AppleWeb","date":"2024-04-19"}}
{"gid":"visits","params":{"user_agent":"Mozilla\/5.0 AppleWebKit\/537.36 (KHTML, like Gecko;","date":"2024-04-19"}}
{"gid":"visits","params":{"user_agent":"Mozilla\/5.0 (Linux; Android 7.0;) AppleWebKit\/537.","date":"2024-04-19"}}
{"gid":"visits","params":{"user_agent":"Mozilla\/5.0 AppleWebKit\/537.36 (KHTML, like Gecko;","date":"2024-04-19"}}
{"gid":"visits","params":{"user_agent":"Mozilla\/5.0 (Windows NT 10.0; Win64; x64) AppleWeb","date":"2024-04-19"}}
{"gid":"visits","params":{"user_agent":"Mozilla\/5.0 (Macintosh; Intel Mac OS X 12.5; rv:11","date":"2024-04-19"}}
{"gid":"visits","params":{"user_agent":"Mozilla\/5.0 AppleWebKit\/537.36 (KHTML, like Gecko;","date":"2024-04-19"}}
{"gid":"visits","params":{"user_agent":"Mozilla\/5.0 AppleWebKit\/537.36 (KHTML, like Gecko;","date":"2024-04-19"}}
{"gid":"visits","params":{"user_agent":"Mozilla\/5.0 AppleWebKit\/537.36 (KHTML, like Gecko;","date":"2024-04-19"}}
{"gid":"visits","params":{"user_agent":"Mozilla\/5.0 AppleWebKit\/537.36 (KHTML, like Gecko;","date":"2024-04-19"}}
{"gid":"visits","params":{"user_agent":"Mozilla\/5.0 AppleWebKit\/537.36 (KHTML, like Gecko;","date":"2024-04-19"}}
{"gid":"visits","params":{"user_agent":"Mozilla\/5.0 AppleWebKit\/537.36 (KHTML, like Gecko;","date":"2024-04-19"}}
{"gid":"visits","params":{"user_agent":"Mozilla\/5.0 AppleWebKit\/537.36 (KHTML, like Gecko;","date":"2024-04-19"}}
{"gid":"visits","params":{"user_agent":"Mozilla\/5.0 AppleWebKit\/537.36 (KHTML, like Gecko;","date":"2024-04-19"}}
{"gid":"visits","params":{"user_agent":"Mozilla\/5.0 AppleWebKit\/537.36 (KHTML, like Gecko;","date":"2024-04-19"}}
{"gid":"visits","params":{"user_agent":"Mozilla\/5.0 AppleWebKit\/537.36 (KHTML, like Gecko;","date":"2024-04-19"}}
{"gid":"visits","params":{"user_agent":"Mozilla\/5.0 (Windows NT 10.0; Win64; x64) AppleWeb","date":"2024-04-19"}}
{"gid":"visits","params":{"user_agent":"Mozilla\/5.0 AppleWebKit\/537.36 (KHTML, like Gecko;","date":"2024-04-19"}}
{"gid":"visits","params":{"user_agent":"Mozilla\/5.0 AppleWebKit\/537.36 (KHTML, like Gecko;","date":"2024-04-19"}}
{"gid":"visits","params":{"user_agent":"Mozilla\/5.0 AppleWebKit\/537.36 (KHTML, like Gecko;","date":"2024-04-19"}}
{"gid":"visits","params":{"user_agent":"Mozilla\/5.0 AppleWebKit\/537.36 (KHTML, like Gecko;","date":"2024-04-19"}}
{"gid":"visits","params":{"user_agent":"Mozilla\/5.0 AppleWebKit\/537.36 (KHTML, like Gecko;","date":"2024-04-19"}}
{"gid":"visits","params":{"user_agent":"Mozilla\/5.0 AppleWebKit\/537.36 (KHTML, like Gecko;","date":"2024-04-19"}}
{"gid":"visits","params":{"user_agent":"Mozilla\/5.0 AppleWebKit\/537.36 (KHTML, like Gecko;","date":"2024-04-19"}}
{"gid":"visits","params":{"user_agent":"Mozilla\/5.0 (Macintosh; Intel Mac OS X 10_10_1) Ap","date":"2024-04-19"}}
{"gid":"visits","params":{"user_agent":"Mozilla\/5.0 AppleWebKit\/537.36 (KHTML, like Gecko;","date":"2024-04-19"}}
{"gid":"visits","params":{"user_agent":"Mozilla\/5.0 AppleWebKit\/537.36 (KHTML, like Gecko;","date":"2024-04-19"}}
{"gid":"visits","params":{"user_agent":"Mozilla\/5.0 (Macintosh; Intel Mac OS X 10_10_1) Ap","date":"2024-04-19"}}
{"gid":"visits","params":{"user_agent":"Mozilla\/5.0 (Macintosh; Intel Mac OS X 10_10_1) Ap","date":"2024-04-19"}}
{"gid":"visits","params":{"user_agent":"Mozilla\/5.0 AppleWebKit\/537.36 (KHTML, like Gecko;","date":"2024-04-19"}}
{"gid":"visits","params":{"user_agent":"Mozilla\/5.0 AppleWebKit\/537.36 (KHTML, like Gecko;","date":"2024-04-19"}}
{"gid":"visits","params":{"user_agent":"Mozilla\/5.0 (X11; Ubuntu; Linux i686; rv:114.0) Ge","date":"2024-04-19"}}
{"gid":"visits","params":{"user_agent":"Mozilla\/5.0 AppleWebKit\/537.36 (KHTML, like Gecko;","date":"2024-04-19"}}
{"gid":"visits","params":{"user_agent":"Mozilla\/5.0 (Windows NT 10.0; Win64; x64) AppleWeb","date":"2024-04-19"}}
{"gid":"visits","params":{"user_agent":"Mozilla\/5.0 AppleWebKit\/537.36 (KHTML, like Gecko;","date":"2024-04-19"}}
{"gid":"visits","params":{"user_agent":"Mozilla\/5.0 AppleWebKit\/537.36 (KHTML, like Gecko;","date":"2024-04-19"}}
{"gid":"visits","params":{"user_agent":"Mozilla\/5.0 AppleWebKit\/537.36 (KHTML, like Gecko;","date":"2024-04-19"}}
{"gid":"visits","params":{"user_agent":"Mozilla\/5.0 AppleWebKit\/537.36 Chrome\/122.0.6261.9","date":"2024-04-19"}}
{"gid":"visits","params":{"user_agent":"Mozilla\/5.0 (Windows NT 10.0; Win64; x64) AppleWeb","date":"2024-04-19"}}
{"gid":"visits","params":{"user_agent":"Mozilla\/5.0 (Windows NT 10.0; Win64; x64) AppleWeb","date":"2024-04-20"}}
{"gid":"visits","params":{"user_agent":"Mozilla\/5.0 (Windows NT 10.0; Win64; x64) AppleWeb","date":"2024-04-20"}}
{"gid":"visits","params":{"user_agent":"Mozilla\/5.0 (Windows NT 10.0; Win64; x64) AppleWeb","date":"2024-04-21"}}
{"gid":"visits","params":{"user_agent":"Mozilla\/5.0 (Windows NT 10.0; Win64; x64) AppleWeb","date":"2024-04-23"}}
{"gid":"visits","params":{"user_agent":"Mozilla\/5.0 (Windows NT 10.0; Win64; x64) AppleWeb","date":"2024-04-26"}}
{"gid":"visits","params":{"user_agent":"Mozilla\/5.0 (Windows NT 10.0; Win64; x64) AppleWeb","date":"2024-04-27"}}
