{"gid":"visits","params":{"user_agent":"Mozilla\/5.0 AppleWebKit\/537.36 (KHTML, like Gecko;","date":"2024-04-20"}}
{"gid":"visits","params":{"user_agent":"Mozilla\/5.0 AppleWebKit\/537.36 (KHTML, like Gecko;","date":"2024-04-20"}}
{"gid":"visits","params":{"user_agent":"Mozilla\/5.0 AppleWebKit\/537.36 (KHTML, like Gecko;","date":"2024-04-20"}}
{"gid":"visits","params":{"user_agent":"Mozilla\/5.0 AppleWebKit\/537.36 (KHTML, like Gecko;","date":"2024-04-20"}}
{"gid":"visits","params":{"user_agent":"Mozilla\/5.0 AppleWebKit\/537.36 (KHTML, like Gecko;","date":"2024-04-20"}}
{"gid":"visits","params":{"user_agent":"Mozilla\/5.0 AppleWebKit\/537.36 (KHTML, like Gecko;","date":"2024-04-20"}}
{"gid":"visits","params":{"user_agent":"Mozilla\/5.0 AppleWebKit\/537.36 (KHTML, like Gecko;","date":"2024-04-20"}}
{"gid":"visits","params":{"user_agent":"Mozilla\/5.0 AppleWebKit\/537.36 (KHTML, like Gecko;","date":"2024-04-20"}}
{"gid":"visits","params":{"user_agent":"Mozilla\/5.0 AppleWebKit\/537.36 (KHTML, like Gecko;","date":"2024-04-20"}}
{"gid":"visits","params":{"user_agent":"MagpieRSS\/0.72 (+http:\/\/magpierss.sf.net)","date":"2024-04-20"}}
{"gid":"visits","params":{"user_agent":"Mozilla\/5.0 AppleWebKit\/537.36 (KHTML, like Gecko;","date":"2024-04-20"}}
{"gid":"visits","params":{"user_agent":"Mozilla\/5.0 AppleWebKit\/537.36 (KHTML, like Gecko;","date":"2024-04-20"}}
{"gid":"visits","params":{"user_agent":"Mozilla\/5.0 (Linux; Android 10; K) AppleWebKit\/537","date":"2024-04-20"}}
{"gid":"visits","params":{"user_agent":"Mozilla\/5.0 AppleWebKit\/537.36 (KHTML, like Gecko;","date":"2024-04-20"}}
{"gid":"visits","params":{"user_agent":"Mozilla\/5.0 scpitspi-rs","date":"2024-04-20"}}
{"gid":"visits","params":{"user_agent":"MagpieRSS\/0.72 (+http:\/\/magpierss.sf.net)","date":"2024-04-20"}}
{"gid":"visits","params":{"user_agent":"Mozilla\/5.0 (compatible; scoopit-crawler\/3; +https","date":"2024-04-20"}}
{"gid":"visits","params":{"user_agent":"Mozilla\/5.0 (Scoop.it; xmlrpc pingback)","date":"2024-04-20"}}
{"gid":"visits","params":{"user_agent":"Mozilla\/5.0 AppleWebKit\/537.36 (KHTML, like Gecko;","date":"2024-04-20"}}
{"gid":"visits","params":{"user_agent":"Mozilla\/5.0 (Windows NT 10.0; Win64; x64) AppleWeb","date":"2024-04-20"}}
{"gid":"visits","params":{"user_agent":"Mozilla\/5.0 scpitspi-rs","date":"2024-04-20"}}
{"gid":"visits","params":{"user_agent":"Mozilla\/5.0 (compatible; scoopit-crawler\/3; +https","date":"2024-04-20"}}
{"gid":"visits","params":{"user_agent":"Mozilla\/5.0 (Scoop.it; xmlrpc pingback)","date":"2024-04-20"}}
{"gid":"visits","params":{"user_agent":"Mozilla\/5.0 AppleWebKit\/537.36 (KHTML, like Gecko;","date":"2024-04-20"}}
{"gid":"visits","params":{"user_agent":"Mozilla\/5.0 (Macintosh; Intel Mac OS X 10_10; rv:5","date":"2024-04-20"}}
{"gid":"visits","params":{"user_agent":"Mozilla\/5.0 (Windows NT 10.0; Win64; x64) AppleWeb","date":"2024-04-20"}}
{"gid":"visits","params":{"user_agent":"Mozilla\/5.0 (compatible; scoopit-crawler\/3; +https","date":"2024-04-20"}}
{"gid":"visits","params":{"user_agent":"Mozilla\/5.0 (Scoop.it; xmlrpc pingback)","date":"2024-04-20"}}
{"gid":"visits","params":{"user_agent":"Mozilla\/5.0 AppleWebKit\/537.36 (KHTML, like Gecko;","date":"2024-04-20"}}
{"gid":"visits","params":{"user_agent":"Mozilla\/5.0 (Windows NT 10.0; Win64; x64) AppleWeb","date":"2024-04-20"}}
{"gid":"visits","params":{"user_agent":"Mozilla\/5.0 scpitspi-rs","date":"2024-04-20"}}
{"gid":"visits","params":{"user_agent":"Mozilla\/5.0 (compatible; scoopit-crawler\/3; +https","date":"2024-04-20"}}
{"gid":"visits","params":{"user_agent":"Mozilla\/5.0 (Scoop.it; xmlrpc pingback)","date":"2024-04-20"}}
{"gid":"visits","params":{"user_agent":"Mozilla\/5.0 AppleWebKit\/537.36 (KHTML, like Gecko;","date":"2024-04-20"}}
{"gid":"visits","params":{"user_agent":"Mozilla\/5.0 AppleWebKit\/537.36 (KHTML, like Gecko;","date":"2024-04-20"}}
{"gid":"visits","params":{"user_agent":"Mozilla\/5.0 (Windows NT 10.0; WOW64; x64) AppleWeb","date":"2024-04-20"}}
{"gid":"visits","params":{"user_agent":"Mozilla\/5.0 (Macintosh; Intel Mac OS X 12.5; rv:11","date":"2024-04-20"}}
{"gid":"visits","params":{"user_agent":"Mozilla\/5.0 (Windows NT 10.0; Win64; x64) AppleWeb","date":"2024-04-20"}}
{"gid":"visits","params":{"user_agent":"facebookexternalhit\/1.1 (+http:\/\/www.facebook.com\/","date":"2024-04-20"}}
{"gid":"visits","params":{"user_agent":"facebookexternalhit\/1.1 (+http:\/\/www.facebook.com\/","date":"2024-04-20"}}
{"gid":"visits","params":{"user_agent":"facebookexternalhit\/1.1 (+http:\/\/www.facebook.com\/","date":"2024-04-20"}}
{"gid":"visits","params":{"user_agent":"facebookexternalhit\/1.1 (+http:\/\/www.facebook.com\/","date":"2024-04-20"}}
{"gid":"visits","params":{"user_agent":"facebookexternalhit\/1.1 (+http:\/\/www.facebook.com\/","date":"2024-04-20"}}
{"gid":"visits","params":{"user_agent":"Mozilla\/5.0 (Windows NT 10.0; Win64; x64) AppleWeb","date":"2024-04-20"}}
{"gid":"visits","params":{"user_agent":"facebookexternalhit\/1.1 (+http:\/\/www.facebook.com\/","date":"2024-04-20"}}
{"gid":"visits","params":{"user_agent":"facebookexternalhit\/1.1 (+http:\/\/www.facebook.com\/","date":"2024-04-20"}}
{"gid":"visits","params":{"user_agent":"facebookexternalhit\/1.1 (+http:\/\/www.facebook.com\/","date":"2024-04-20"}}
{"gid":"visits","params":{"user_agent":"facebookexternalhit\/1.1 (+http:\/\/www.facebook.com\/","date":"2024-04-20"}}
{"gid":"visits","params":{"user_agent":"facebookexternalhit\/1.1 (+http:\/\/www.facebook.com\/","date":"2024-04-20"}}
{"gid":"visits","params":{"user_agent":"facebookexternalhit\/1.1 (+http:\/\/www.facebook.com\/","date":"2024-04-20"}}
{"gid":"visits","params":{"user_agent":"facebookexternalhit\/1.1 (+http:\/\/www.facebook.com\/","date":"2024-04-20"}}
{"gid":"visits","params":{"user_agent":"facebookexternalhit\/1.1 (+http:\/\/www.facebook.com\/","date":"2024-04-20"}}
{"gid":"visits","params":{"user_agent":"facebookexternalhit\/1.1 (+http:\/\/www.facebook.com\/","date":"2024-04-20"}}
{"gid":"visits","params":{"user_agent":"Mozilla\/5.0 AppleWebKit\/537.36 (KHTML, like Gecko;","date":"2024-04-20"}}
{"gid":"visits","params":{"user_agent":"got (https:\/\/github.com\/sindresorhus\/got)","date":"2024-04-20"}}
{"gid":"visits","params":{"user_agent":"Mozilla\/5.0 (Linux; Android 10; K) AppleWebKit\/537","date":"2024-04-20"}}
{"gid":"visits","params":{"user_agent":"WordPress\/6.4.4; https:\/\/unterbelichtet-podcast.de","date":"2024-04-20"}}
{"gid":"visits","params":{"user_agent":"Mozilla\/5.0 AppleWebKit\/537.36 (KHTML, like Gecko;","date":"2024-04-20"}}
{"gid":"visits","params":{"user_agent":"Mozilla\/5.0 AppleWebKit\/537.36 (KHTML, like Gecko;","date":"2024-04-20"}}
{"gid":"visits","params":{"user_agent":"facebookexternalhit\/1.1 (+http:\/\/www.facebook.com\/","date":"2024-04-20"}}
{"gid":"visits","params":{"user_agent":"Mozilla\/5.0 (Linux; Android 14; SM-S908U) AppleWeb","date":"2024-04-20"}}
{"gid":"visits","params":{"user_agent":"Mozilla\/5.0 AppleWebKit\/537.36 (KHTML, like Gecko;","date":"2024-04-20"}}
{"gid":"visits","params":{"user_agent":"Mozilla\/5.0 AppleWebKit\/537.36 (KHTML, like Gecko;","date":"2024-04-20"}}
{"gid":"visits","params":{"user_agent":"Mozilla\/5.0 (iPhone; CPU iPhone OS 17_4_1 like Mac","date":"2024-04-20"}}
{"gid":"visits","params":{"user_agent":"Mozilla\/5.0 AppleWebKit\/537.36 (KHTML, like Gecko;","date":"2024-04-20"}}
{"gid":"visits","params":{"user_agent":"Mozilla\/5.0 AppleWebKit\/537.36 (KHTML, like Gecko;","date":"2024-04-20"}}
{"gid":"visits","params":{"user_agent":"Mozilla\/5.0 AppleWebKit\/537.36 (KHTML, like Gecko;","date":"2024-04-20"}}
{"gid":"visits","params":{"user_agent":"Mozilla\/5.0 AppleWebKit\/537.36 (KHTML, like Gecko;","date":"2024-04-20"}}
{"gid":"visits","params":{"user_agent":"Mozilla\/5.0 (compatible; redditbot\/1.0; +http:\/\/ww","date":"2024-04-20"}}
{"gid":"visits","params":{"user_agent":"Mozilla\/5.0 (compatible; redditbot\/1.0; +http:\/\/ww","date":"2024-04-20"}}
{"gid":"visits","params":{"user_agent":"Mozilla\/5.0 (X11; U; Linux x86_64) AppleWebKit\/537","date":"2024-04-20"}}
{"gid":"visits","params":{"user_agent":"Mozilla\/5.0 AppleWebKit\/537.36 (KHTML, like Gecko;","date":"2024-04-20"}}
{"gid":"visits","params":{"user_agent":"Mozilla\/5.0 AppleWebKit\/537.36 (KHTML, like Gecko;","date":"2024-04-20"}}
{"gid":"visits","params":{"user_agent":"Mozilla\/5.0 (Linux; Android 14; RMX3890 Build\/UKQ1","date":"2024-04-20"}}
{"gid":"visits","params":{"user_agent":"Mozilla\/5.0 AppleWebKit\/537.36 (KHTML, like Gecko;","date":"2024-04-20"}}
{"gid":"visits","params":{"user_agent":"Mozilla\/5.0 AppleWebKit\/537.36 (KHTML, like Gecko;","date":"2024-04-20"}}
{"gid":"visits","params":{"user_agent":"facebookexternalhit\/1.1 (+http:\/\/www.facebook.com\/","date":"2024-04-20"}}
{"gid":"visits","params":{"user_agent":"Mozilla\/5.0 AppleWebKit\/537.36 (KHTML, like Gecko;","date":"2024-04-20"}}
{"gid":"visits","params":{"user_agent":"Mozilla\/5.0 AppleWebKit\/537.36 (KHTML, like Gecko;","date":"2024-04-20"}}
{"gid":"visits","params":{"user_agent":"Mozilla\/5.0 AppleWebKit\/537.36 (KHTML, like Gecko;","date":"2024-04-20"}}
{"gid":"visits","params":{"user_agent":"Mozilla\/5.0 AppleWebKit\/537.36 (KHTML, like Gecko;","date":"2024-04-20"}}
{"gid":"visits","params":{"user_agent":"Mozilla\/5.0 AppleWebKit\/537.36 (KHTML, like Gecko;","date":"2024-04-20"}}
{"gid":"visits","params":{"user_agent":"Mozilla\/5.0 AppleWebKit\/537.36 (KHTML, like Gecko;","date":"2024-04-20"}}
{"gid":"visits","params":{"user_agent":"Mozilla\/5.0 AppleWebKit\/537.36 (KHTML, like Gecko;","date":"2024-04-20"}}
{"gid":"visits","params":{"user_agent":"Mozilla\/5.0 AppleWebKit\/537.36 (KHTML, like Gecko;","date":"2024-04-20"}}
{"gid":"visits","params":{"user_agent":"Mozilla\/5.0 AppleWebKit\/537.36 (KHTML, like Gecko;","date":"2024-04-20"}}
{"gid":"visits","params":{"user_agent":"Mozilla\/5.0 AppleWebKit\/537.36 (KHTML, like Gecko;","date":"2024-04-20"}}
{"gid":"visits","params":{"user_agent":"Mozilla\/5.0 AppleWebKit\/537.36 (KHTML, like Gecko;","date":"2024-04-20"}}
{"gid":"visits","params":{"user_agent":"Mozilla\/5.0 (Windows NT 10.0; Win64; x64) AppleWeb","date":"2024-04-20"}}
{"gid":"visits","params":{"user_agent":"Mozilla\/5.0 AppleWebKit\/537.36 (KHTML, like Gecko;","date":"2024-04-20"}}
{"gid":"visits","params":{"user_agent":"Mozilla\/5.0 (compatible; CensysInspect\/1.1; +https","date":"2024-04-20"}}
{"gid":"visits","params":{"user_agent":"Mozilla\/5.0 AppleWebKit\/537.36 (KHTML, like Gecko;","date":"2024-04-20"}}
{"gid":"visits","params":{"user_agent":"Mozilla\/5.0 AppleWebKit\/537.36 (KHTML, like Gecko;","date":"2024-04-20"}}
{"gid":"visits","params":{"user_agent":"Mozilla\/5.0 AppleWebKit\/537.36 (KHTML, like Gecko;","date":"2024-04-20"}}
{"gid":"visits","params":{"user_agent":"Mozilla\/5.0 AppleWebKit\/537.36 (KHTML, like Gecko;","date":"2024-04-20"}}
{"gid":"visits","params":{"user_agent":"Mozilla\/5.0 (Windows NT 10.0; Win64; x64) AppleWeb","date":"2024-04-20"}}
{"gid":"visits","params":{"user_agent":"Mozilla\/5.0 (Windows NT 10.0; Win64; x64; Xbox; Xb","date":"2024-04-20"}}
{"gid":"visits","params":{"user_agent":"Mozilla\/5.0 AppleWebKit\/537.36 (KHTML, like Gecko;","date":"2024-04-20"}}
{"gid":"visits","params":{"user_agent":"Mozilla\/5.0 AppleWebKit\/537.36 (KHTML, like Gecko;","date":"2024-04-20"}}
{"gid":"visits","params":{"user_agent":"Mozilla\/5.0 AppleWebKit\/537.36 (KHTML, like Gecko;","date":"2024-04-20"}}
{"gid":"visits","params":{"user_agent":"Mozilla\/5.0 AppleWebKit\/537.36 (KHTML, like Gecko;","date":"2024-04-20"}}
{"gid":"visits","params":{"user_agent":"Mozilla\/5.0 AppleWebKit\/537.36 (KHTML, like Gecko;","date":"2024-04-20"}}
{"gid":"visits","params":{"user_agent":"Mozilla\/5.0 AppleWebKit\/537.36 (KHTML, like Gecko;","date":"2024-04-20"}}
{"gid":"visits","params":{"user_agent":"Mozilla\/5.0 AppleWebKit\/537.36 (KHTML, like Gecko;","date":"2024-04-20"}}
{"gid":"visits","params":{"user_agent":"Mozilla\/5.0 AppleWebKit\/537.36 (KHTML, like Gecko;","date":"2024-04-20"}}
{"gid":"visits","params":{"user_agent":"Mozilla\/5.0 (compatible; SemrushBot\/7~bl; +http:\/\/","date":"2024-04-20"}}
{"gid":"visits","params":{"user_agent":"facebookexternalhit\/1.1 (+http:\/\/www.facebook.com\/","date":"2024-04-20"}}
{"gid":"visits","params":{"user_agent":"Mozilla\/5.0 (Linux; Android 13; 2312DRAABG Build\/T","date":"2024-04-20"}}
{"gid":"visits","params":{"user_agent":"Mozilla\/5.0 AppleWebKit\/537.36 (KHTML, like Gecko;","date":"2024-04-20"}}
{"gid":"visits","params":{"user_agent":"Mozilla\/5.0 AppleWebKit\/537.36 (KHTML, like Gecko;","date":"2024-04-20"}}
{"gid":"visits","params":{"user_agent":"Mozilla\/5.0 AppleWebKit\/537.36 (KHTML, like Gecko;","date":"2024-04-20"}}
{"gid":"visits","params":{"user_agent":"Mozilla\/5.0 (compatible; MJ12bot\/v1.4.8; http:\/\/mj","date":"2024-04-20"}}
{"gid":"visits","params":{"user_agent":"Mozilla\/5.0 AppleWebKit\/537.36 (KHTML, like Gecko;","date":"2024-04-20"}}
{"gid":"visits","params":{"user_agent":"Mozilla\/5.0 AppleWebKit\/537.36 (KHTML, like Gecko;","date":"2024-04-20"}}
{"gid":"visits","params":{"user_agent":"Mozilla\/5.0 AppleWebKit\/537.36 (KHTML, like Gecko;","date":"2024-04-20"}}
{"gid":"visits","params":{"user_agent":"Mozilla\/5.0 AppleWebKit\/537.36 (KHTML, like Gecko;","date":"2024-04-20"}}
{"gid":"visits","params":{"user_agent":"Mozilla\/5.0 AppleWebKit\/537.36 (KHTML, like Gecko;","date":"2024-04-20"}}
