{"gid":"visits","params":{"user_agent":"Mozilla\/5.0 (compatible; YandexBot\/3.0; +http:\/\/ya","date":"2024-04-12"}}
{"gid":"visits","params":{"user_agent":"Mozilla\/5.0 (X11; Ubuntu; Linux x86_64; rv:114.0) ","date":"2024-04-12"}}
{"gid":"visits","params":{"user_agent":"Mozilla\/5.0 (X11; Linux x86_64) AppleWebKit\/537.36","date":"2024-04-12"}}
{"gid":"visits","params":{"user_agent":"Mozilla\/5.0 (Windows NT 10.0; Win64; x64) AppleWeb","date":"2024-04-12"}}
{"gid":"visits","params":{"user_agent":"Mozilla\/5.0 (Windows NT 10.0; Win64; x64) AppleWeb","date":"2024-04-12"}}
{"gid":"visits","params":{"user_agent":"Mozilla\/5.0 (Linux; Android 10; SM-G960U Build\/QP1","date":"2024-04-12"}}
{"gid":"visits","params":{"user_agent":"Mozilla\/5.0 (compatible; AwarioBot\/1.0; +https:\/\/a","date":"2024-04-12"}}
{"gid":"visits","params":{"user_agent":"Mozilla\/5.0 (Windows NT 10.0; Win64; x64) AppleWeb","date":"2024-04-12"}}
{"gid":"visits","params":{"user_agent":"facebookexternalhit\/1.1 (+http:\/\/www.facebook.com\/","date":"2024-04-12"}}
{"gid":"visits","params":{"user_agent":"facebookexternalhit\/1.1 (+http:\/\/www.facebook.com\/","date":"2024-04-12"}}
{"gid":"visits","params":{"user_agent":"facebookexternalhit\/1.1 (+http:\/\/www.facebook.com\/","date":"2024-04-12"}}
{"gid":"visits","params":{"user_agent":"facebookexternalhit\/1.1 (+http:\/\/www.facebook.com\/","date":"2024-04-12"}}
{"gid":"visits","params":{"user_agent":"facebookexternalhit\/1.1 (+http:\/\/www.facebook.com\/","date":"2024-04-12"}}
{"gid":"visits","params":{"user_agent":"Mozilla\/5.0 (Linux; Android 10; K) AppleWebKit\/537","date":"2024-04-12"}}
{"gid":"visits","params":{"user_agent":"Mozilla\/5.0 (Linux; Android 13; 22120RN86G Build\/T","date":"2024-04-12"}}
{"gid":"visits","params":{"user_agent":"Expanse, a Palo Alto Networks company, searches ac","date":"2024-04-12"}}
{"gid":"visits","params":{"user_agent":"Mozilla\/5.0 (Linux; Android 13; SAMSUNG SM-A035F) ","date":"2024-04-12"}}
{"gid":"visits","params":{"user_agent":"Mozilla\/5.0 (Linux; Android 6.0.1; Nexus 5X Build\/","date":"2024-04-12"}}
{"gid":"visits","params":{"user_agent":"Mozilla\/5.0 (X11; Ubuntu; Linux i686; rv:114.0) Ge","date":"2024-04-12"}}
{"gid":"visits","params":{"user_agent":"Mozilla\/5.0 (Macintosh; Intel Mac OS X 10_15_7) Ap","date":"2024-04-12"}}
